<?xml version="1.0" encoding="UTF-8"?>
<testsuite name="ConverterTest" tests="1" skipped="0" failures="0" errors="0" timestamp="2022-04-15T04:22:18" hostname="fedora" time="0.117">
  <properties/>
  <testcase name="start" classname="ConverterTest" time="0.117"/>
  <system-out><![CDATA[?[1;31m
Start test 1?[0m
{"employee":{"@department":"manager","#employee":"Garry Smith"}}
?[1;31m
Start test 2?[0m
{"person":{"@rate":"1","@name":"Torvalds","#person":null}}
?[1;31m
Start test 3?[0m
<employee department = "manager">GarrySmith</employee>
?[1;31m
Start test 4?[0m
<person rate = "1" name = "Torvalds" />
?[1;31m
Start test 5?[0m
<pizza size = "20">123</pizza>
?[1;31m
Start test 6?[0m
{"pizza":{"@size":"20","#pizza":"123"}}
]]></system-out>
  <system-err><![CDATA[]]></system-err>
</testsuite>
